app/build/outputs/logs/manifest-merger-debug-report.txt
-- Merging decision tree log ---
manifest
ADDED from src\main\AndroidManifest.xml:2:1-49:12
	package
		ADDED from src\main\AndroidManifest.xml:3:7-27
		INJECTED from src\main\AndroidManifest.xml
		INJECTED from src\main\AndroidManifest.xml
	android:versionName
		ADDED from src\main\AndroidManifest.xml:5:7-33
		INJECTED from src\main\AndroidManifest.xml
		INJECTED from src\main\AndroidManifest.xml
	android:versionCode
		ADDED from src\main\AndroidManifest.xml:4:7-32
		INJECTED from src\main\AndroidManifest.xml
		INJECTED from src\main\AndroidManifest.xml
	xmlns:android
		ADDED from src\main\AndroidManifest.xml:2:11-69
application
ADDED from src\main\AndroidManifest.xml:6:5-24:19
	android:label
		ADDED from src\main\AndroidManifest.xml:6:48-80
	android:icon
		ADDED from src\main\AndroidManifest.xml:6:18-47
	android:name
		ADDED from src\main\AndroidManifest.xml:7:11-34
activity#com.Ajagoc.Ajagoc
ADDED from src\main\AndroidManifest.xml:9:9-18:20
	android:label
		ADDED from src\main\AndroidManifest.xml:13:19-51
	android:windowSoftInputMode
		ADDED from src\main\AndroidManifest.xml:12:19-58
	android:configChanges
		ADDED from src\main\AndroidManifest.xml:10:19-69
	android:theme
		ADDED from src\main\AndroidManifest.xml:11:17-48
	android:name
		ADDED from src\main\AndroidManifest.xml:9:19-41
intent-filter#android.intent.action.MAIN+android.intent.category.LAUNCHER
ADDED from src\main\AndroidManifest.xml:14:13-17:29
action#android.intent.action.MAIN
ADDED from src\main\AndroidManifest.xml:15:17-69
	android:name
		ADDED from src\main\AndroidManifest.xml:15:25-66
category#android.intent.category.LAUNCHER
ADDED from src\main\AndroidManifest.xml:16:17-77
	android:name
		ADDED from src\main\AndroidManifest.xml:16:27-74
activity#com.Ajagoc.BT.BTList
ADDED from src\main\AndroidManifest.xml:19:9-22:72
	android:label
		ADDED from src\main\AndroidManifest.xml:20:19-56
	android:configChanges
		ADDED from src\main\AndroidManifest.xml:22:19-69
	android:theme
		ADDED from src\main\AndroidManifest.xml:21:19-62
	android:name
		ADDED from src\main\AndroidManifest.xml:19:19-44
uses-sdk
ADDED from src\main\AndroidManifest.xml:28:5-73
	android:targetSdkVersion
		ADDED from src\main\AndroidManifest.xml:28:42-71
		INJECTED from src\main\AndroidManifest.xml
		INJECTED from src\main\AndroidManifest.xml
	android:minSdkVersion
		ADDED from src\main\AndroidManifest.xml:28:15-41
		INJECTED from src\main\AndroidManifest.xml
		INJECTED from src\main\AndroidManifest.xml
uses-permission#android.permission.INTERNET
ADDED from src\main\AndroidManifest.xml:30:1-79
	android:name
		ADDED from src\main\AndroidManifest.xml:30:18-60
uses-permission#android.permission.WRITE_EXTERNAL_STORAGE
ADDED from src\main\AndroidManifest.xml:31:1-93
	android:name
		ADDED from src\main\AndroidManifest.xml:31:18-74
uses-permission#android.permission.ACCESS_NETWORK_STATE
ADDED from src\main\AndroidManifest.xml:32:1-91
	android:name
		ADDED from src\main\AndroidManifest.xml:32:18-72
uses-permission#android.permission.CHANGE_WIFI_MULTICAST_STATE
ADDED from src\main\AndroidManifest.xml:34:1-98
	android:name
		ADDED from src\main\AndroidManifest.xml:34:18-79
uses-permission#android.permission.WAKE_LOCK
ADDED from src\main\AndroidManifest.xml:35:1-63
	android:name
		ADDED from src\main\AndroidManifest.xml:35:18-61
uses-permission#android.permission.BLUETOOTH_ADMIN
ADDED from src\main\AndroidManifest.xml:36:5-74
	android:name
		ADDED from src\main\AndroidManifest.xml:36:22-71
uses-permission#android.permission.BLUETOOTH
ADDED from src\main\AndroidManifest.xml:37:5-68
	android:name
		ADDED from src\main\AndroidManifest.xml:37:22-65
uses-permission#android.permission.ACCESS_WIFI_STATE
ADDED from src\main\AndroidManifest.xml:39:5-76
	android:name
		ADDED from src\main\AndroidManifest.xml:39:22-73
uses-permission#android.permission.CHANGE_WIFI_STATE
ADDED from src\main\AndroidManifest.xml:40:5-76
	android:name
		ADDED from src\main\AndroidManifest.xml:40:22-73
uses-permission#android.permission.CHANGE_NETWORK_STATE
ADDED from src\main\AndroidManifest.xml:41:5-79
	android:name
		ADDED from src\main\AndroidManifest.xml:41:22-76
uses-permission#android.permission.NFC
ADDED from src\main\AndroidManifest.xml:42:5-62
	android:name
		ADDED from src\main\AndroidManifest.xml:42:22-59
uses-feature#android.hardware.bluetooth
ADDED from src\main\AndroidManifest.xml:45:5-91
	android:required
		ADDED from src\main\AndroidManifest.xml:45:64-88
	android:name
		ADDED from src\main\AndroidManifest.xml:45:22-63
uses-feature#android.hardware.nfc
ADDED from src\main\AndroidManifest.xml:46:5-85
	android:required
		ADDED from src\main\AndroidManifest.xml:46:58-82
	android:name
		ADDED from src\main\AndroidManifest.xml:46:22-57
uses-feature#android.hardware.wifi.direct
ADDED from src\main\AndroidManifest.xml:47:5-93
	android:required
		ADDED from src\main\AndroidManifest.xml:47:66-90
	android:name
		ADDED from src\main\AndroidManifest.xml:47:22-65